Determining if the pthread_create exist failed with the following output:
Change Dir: /home/rcbot/The_construct_coursed/ros_basics/practice/give_next_service_example/catkin_ws/build/CMakeFiles/CMakeTmp

Run Build Command:"/usr/bin/make" "cmTC_c444f/fast"
/usr/bin/make -f CMakeFiles/cmTC_c444f.dir/build.make CMakeFiles/cmTC_c444f.dir/build
make[1]: Entering directory '/home/rcbot/The_construct_coursed/ros_basics/practice/give_next_service_example/catkin_ws/build/CMakeFiles/CMakeTmp'
Building C object CMakeFiles/cmTC_c444f.dir/CheckSymbolExists.c.o
/usr/bin/cc    -o CMakeFiles/cmTC_c444f.dir/CheckSymbolExists.c.o   -c /home/rcbot/The_construct_coursed/ros_basics/practice/give_next_service_example/catkin_ws/build/CMakeFiles/CMakeTmp/CheckSymbolExists.c
Linking C executable cmTC_c444f
/usr/bin/cmake -E cmake_link_script CMakeFiles/cmTC_c444f.dir/link.txt --verbose=1
/usr/bin/cc      -rdynamic CMakeFiles/cmTC_c444f.dir/CheckSymbolExists.c.o  -o cmTC_c444f 
CMakeFiles/cmTC_c444f.dir/CheckSymbolExists.c.o: In function `main':
CheckSymbolExists.c:(.text+0x1b): undefined reference to `pthread_create'
collect2: error: ld returned 1 exit status
CMakeFiles/cmTC_c444f.dir/build.make:97: recipe for target 'cmTC_c444f' failed
make[1]: *** [cmTC_c444f] Error 1
make[1]: Leaving directory '/home/rcbot/The_construct_coursed/ros_basics/practice/give_next_service_example/catkin_ws/build/CMakeFiles/CMakeTmp'
Makefile:126: recipe for target 'cmTC_c444f/fast' failed
make: *** [cmTC_c444f/fast] Error 2

File /home/rcbot/The_construct_coursed/ros_basics/practice/give_next_service_example/catkin_ws/build/CMakeFiles/CMakeTmp/CheckSymbolExists.c:
/* */
#include <pthread.h>

int main(int argc, char** argv)
{
  (void)argv;
#ifndef pthread_create
  return ((int*)(&pthread_create))[argc];
#else
  (void)argc;
  return 0;
#endif
}

Determining if the function pthread_create exists in the pthreads failed with the following output:
Change Dir: /home/rcbot/The_construct_coursed/ros_basics/practice/give_next_service_example/catkin_ws/build/CMakeFiles/CMakeTmp

Run Build Command:"/usr/bin/make" "cmTC_9a35c/fast"
/usr/bin/make -f CMakeFiles/cmTC_9a35c.dir/build.make CMakeFiles/cmTC_9a35c.dir/build
make[1]: Entering directory '/home/rcbot/The_construct_coursed/ros_basics/practice/give_next_service_example/catkin_ws/build/CMakeFiles/CMakeTmp'
Building C object CMakeFiles/cmTC_9a35c.dir/CheckFunctionExists.c.o
/usr/bin/cc   -DCHECK_FUNCTION_EXISTS=pthread_create   -o CMakeFiles/cmTC_9a35c.dir/CheckFunctionExists.c.o   -c /usr/share/cmake-3.10/Modules/CheckFunctionExists.c
Linking C executable cmTC_9a35c
/usr/bin/cmake -E cmake_link_script CMakeFiles/cmTC_9a35c.dir/link.txt --verbose=1
/usr/bin/cc  -DCHECK_FUNCTION_EXISTS=pthread_create    -rdynamic CMakeFiles/cmTC_9a35c.dir/CheckFunctionExists.c.o  -o cmTC_9a35c -lpthreads 
/usr/bin/ld: cannot find -lpthreads
collect2: error: ld returned 1 exit status
CMakeFiles/cmTC_9a35c.dir/build.make:97: recipe for target 'cmTC_9a35c' failed
make[1]: *** [cmTC_9a35c] Error 1
make[1]: Leaving directory '/home/rcbot/The_construct_coursed/ros_basics/practice/give_next_service_example/catkin_ws/build/CMakeFiles/CMakeTmp'
Makefile:126: recipe for target 'cmTC_9a35c/fast' failed
make: *** [cmTC_9a35c/fast] Error 2


